<?xml version="1.0" encoding="UTF-8"?>
<testsuite xmlns:xsi="http://www.w3.org/2001/XMLSchema-instance" xsi:noNamespaceSchemaLocation="https://maven.apache.org/surefire/maven-surefire-plugin/xsd/surefire-test-report-3.0.xsd" version="3.0" name="com.taskforge.TaskForgeControllerIntegrationTest" time="7.201" tests="9" errors="0" skipped="0" failures="0">
  <properties>
[...]
</properties>
  <testcase name="replays start execution response for same idempotency key" classname="com.taskforge.TaskForgeControllerIntegrationTest" time="1.426">
    <system-out><![CDATA[15:52:20.944 [main] INFO org.springframework.test.context.support.AnnotationConfigContextLoaderUtils -- Could not detect default configuration classes for test class [com.taskforge.TaskForgeControllerIntegrationTest]: TaskForgeControllerIntegrationTest does not declare any static, non-private, non-final, nested classes annotated with @Configuration.
15:52:21.135 [main] INFO org.springframework.boot.test.context.SpringBootTestContextBootstrapper -- Found @SpringBootConfiguration com.taskforge.TaskForgeApplication for test class com.taskforge.TaskForgeControllerIntegrationTest

  .   ____          _            __ _ _
 /\\ / ___'_ __ _ _(_)_ __  __ _ \ \ \ \
( ( )\___ | '_ | '_| | '_ \/ _` | \ \ \ \
 \\/  ___)| |_)| | | | | || (_| |  ) ) ) )
  '  |____| .__|_| |_|_| |_\__, | / / / /
 =========|_|==============|___/=/_/_/_/

 :: Spring Boot ::                (v3.3.5)

2026-06-29T15:52:21.671+05:30  INFO 2244 --- [           main] c.t.TaskForgeControllerIntegrationTest   : Starting TaskForgeControllerIntegrationTest using Java 21.0.10 with PID 2244 (started by ramithansda in /Users/ramithansda/TaskForge)
2026-06-29T15:52:21.673+05:30  INFO 2244 --- [           main] c.t.TaskForgeControllerIntegrationTest   : No active profile set, falling back to 1 default profile: "default"
2026-06-29T15:52:25.747+05:30  INFO 2244 --- [           main] o.s.b.t.m.w.SpringBootMockServletContext : Initializing Spring TestDispatcherServlet ''
2026-06-29T15:52:25.747+05:30  INFO 2244 --- [           main] o.s.t.web.servlet.TestDispatcherServlet  : Initializing Servlet ''
2026-06-29T15:52:25.766+05:30  INFO 2244 --- [           main] o.s.b.a.e.web.EndpointLinksResolver      : Exposing 1 endpoint beneath base path '/actuator'
2026-06-29T15:52:25.787+05:30  INFO 2244 --- [           main] o.s.t.web.servlet.TestDispatcherServlet  : Completed initialization in 40 ms
2026-06-29T15:52:25.864+05:30  INFO 2244 --- [           main] c.t.TaskForgeControllerIntegrationTest   : Started TaskForgeControllerIntegrationTest in 4.534 seconds (process running for 5.957)
2026-06-29T15:52:27.287+05:30  INFO 2244 --- [           main] c.taskforge.aop.ObservedOperationAspect  : operation_started operation=api.create_workflow
2026-06-29T15:52:27.371+05:30  INFO 2244 --- [           main] c.taskforge.aop.ObservedOperationAspect  : operation_completed operation=api.create_workflow status=success duration_ms=83
2026-06-29T15:52:27.397+05:30  INFO 2244 --- [           main] c.taskforge.aop.ObservedOperationAspect  : operation_started operation=api.start_execution
2026-06-29T15:52:27.442+05:30  INFO 2244 --- [           main] c.taskforge.aop.ObservedOperationAspect  : operation_completed operation=api.start_execution status=success duration_ms=45
2026-06-29T15:52:27.448+05:30  INFO 2244 --- [           main] c.taskforge.aop.ObservedOperationAspect  : operation_started operation=api.start_execution
2026-06-29T15:52:27.449+05:30  INFO 2244 --- [           main] c.taskforge.aop.ObservedOperationAspect  : operation_completed operation=api.start_execution status=success duration_ms=1
]]></system-out>
    <system-err><![CDATA[WARNING: A Java agent has been loaded dynamically (/Users/ramithansda/.m2/repository/net/bytebuddy/byte-buddy-agent/1.14.19/byte-buddy-agent-1.14.19.jar)
WARNING: If a serviceability tool is in use, please run with -XX:+EnableDynamicAgentLoading to hide this warning
WARNING: If a serviceability tool is not in use, please run with -Djdk.instrument.traceUsage for more information
WARNING: Dynamic loading of agents will be disallowed by default in a future release
]]></system-err>
  </testcase>
  <testcase name="returns 404 when starting execution for missing workflow" classname="com.taskforge.TaskForgeControllerIntegrationTest" time="0.056">
    <system-out><![CDATA[2026-06-29T15:52:27.486+05:30  INFO 2244 --- [           main] c.taskforge.aop.ObservedOperationAspect  : operation_started operation=api.start_execution
2026-06-29T15:52:27.488+05:30  WARN 2244 --- [           main] c.taskforge.aop.ObservedOperationAspect  : operation_completed operation=api.start_execution status=failure error_type=NotFoundException duration_ms=1 message=Workflow 'missing-workflow' was not found
2026-06-29T15:52:27.511+05:30  INFO 2244 --- [           main] com.taskforge.GlobalExceptionHandler     : resource_not_found message=Workflow 'missing-workflow' was not found
]]></system-out>
  </testcase>
  <testcase name="replays approval response for same idempotency key" classname="com.taskforge.TaskForgeControllerIntegrationTest" time="0.091">
    <system-out><![CDATA[2026-06-29T15:52:27.545+05:30  INFO 2244 --- [           main] c.taskforge.aop.ObservedOperationAspect  : operation_started operation=api.create_workflow
2026-06-29T15:52:27.547+05:30  INFO 2244 --- [           main] c.taskforge.aop.ObservedOperationAspect  : operation_completed operation=api.create_workflow status=success duration_ms=2
2026-06-29T15:52:27.556+05:30  INFO 2244 --- [           main] c.taskforge.aop.ObservedOperationAspect  : operation_started operation=api.start_execution
2026-06-29T15:52:27.560+05:30  INFO 2244 --- [           main] c.taskforge.aop.ObservedOperationAspect  : operation_completed operation=api.start_execution status=success duration_ms=3
2026-06-29T15:52:27.570+05:30  INFO 2244 --- [           main] c.taskforge.aop.ObservedOperationAspect  : operation_started operation=api.get_execution
2026-06-29T15:52:27.576+05:30  INFO 2244 --- [           main] c.taskforge.aop.ObservedOperationAspect  : operation_completed operation=api.get_execution status=success duration_ms=6
2026-06-29T15:52:27.595+05:30  INFO 2244 --- [           main] c.taskforge.aop.ObservedOperationAspect  : operation_started operation=api.resolve_approval
2026-06-29T15:52:27.612+05:30  INFO 2244 --- [           main] c.taskforge.aop.ObservedOperationAspect  : operation_completed operation=api.resolve_approval status=success duration_ms=16
2026-06-29T15:52:27.620+05:30  INFO 2244 --- [           main] c.taskforge.aop.ObservedOperationAspect  : operation_started operation=api.resolve_approval
2026-06-29T15:52:27.622+05:30  INFO 2244 --- [           main] c.taskforge.aop.ObservedOperationAspect  : operation_completed operation=api.resolve_approval status=success duration_ms=1
]]></system-out>
  </testcase>
  <testcase name="returns actionable validation errors for unknown task type" classname="com.taskforge.TaskForgeControllerIntegrationTest" time="0.018">
    <system-out><![CDATA[2026-06-29T15:52:27.639+05:30  INFO 2244 --- [           main] c.taskforge.aop.ObservedOperationAspect  : operation_started operation=api.create_workflow
2026-06-29T15:52:27.642+05:30  WARN 2244 --- [           main] c.taskforge.aop.ObservedOperationAspect  : operation_completed operation=api.create_workflow status=failure error_type=ValidationException duration_ms=2 message=Workflow validation failed
2026-06-29T15:52:27.643+05:30  WARN 2244 --- [           main] com.taskforge.GlobalExceptionHandler     : workflow_validation_failed error_count=1
]]></system-out>
  </testcase>
  <testcase name="rejects idempotency key reuse for different start request" classname="com.taskforge.TaskForgeControllerIntegrationTest" time="0.041">
    <system-out><![CDATA[2026-06-29T15:52:27.660+05:30  INFO 2244 --- [           main] c.taskforge.aop.ObservedOperationAspect  : operation_started operation=api.create_workflow
2026-06-29T15:52:27.661+05:30  INFO 2244 --- [           main] c.taskforge.aop.ObservedOperationAspect  : operation_completed operation=api.create_workflow status=success duration_ms=0
2026-06-29T15:52:27.667+05:30  INFO 2244 --- [           main] c.taskforge.aop.ObservedOperationAspect  : operation_started operation=api.create_workflow
2026-06-29T15:52:27.668+05:30  INFO 2244 --- [           main] c.taskforge.aop.ObservedOperationAspect  : operation_completed operation=api.create_workflow status=success duration_ms=1
2026-06-29T15:52:27.674+05:30  INFO 2244 --- [           main] c.taskforge.aop.ObservedOperationAspect  : operation_started operation=api.start_execution
2026-06-29T15:52:27.677+05:30  INFO 2244 --- [           main] c.taskforge.aop.ObservedOperationAspect  : operation_completed operation=api.start_execution status=success duration_ms=2
2026-06-29T15:52:27.684+05:30  INFO 2244 --- [           main] c.taskforge.aop.ObservedOperationAspect  : operation_started operation=api.start_execution
2026-06-29T15:52:27.686+05:30  WARN 2244 --- [           main] c.taskforge.aop.ObservedOperationAspect  : operation_completed operation=api.start_execution status=failure error_type=ConflictException duration_ms=1 message=Idempotency-Key 'start-conflict-34ffc9d6-5063-4475-9988-313ad78149fb' was already used for a different request
2026-06-29T15:52:27.687+05:30  WARN 2244 --- [           main] com.taskforge.GlobalExceptionHandler     : request_conflict message=Idempotency-Key 'start-conflict-34ffc9d6-5063-4475-9988-313ad78149fb' was already used for a different request
]]></system-out>
  </testcase>
  <testcase name="returns 409 when approval actor does not satisfy required identity" classname="com.taskforge.TaskForgeControllerIntegrationTest" time="0.042">
    <system-out><![CDATA[2026-06-29T15:52:27.706+05:30  INFO 2244 --- [           main] c.taskforge.aop.ObservedOperationAspect  : operation_started operation=api.create_workflow
2026-06-29T15:52:27.708+05:30  INFO 2244 --- [           main] c.taskforge.aop.ObservedOperationAspect  : operation_completed operation=api.create_workflow status=success duration_ms=1
2026-06-29T15:52:27.714+05:30  INFO 2244 --- [           main] c.taskforge.aop.ObservedOperationAspect  : operation_started operation=api.start_execution
2026-06-29T15:52:27.717+05:30  INFO 2244 --- [           main] c.taskforge.aop.ObservedOperationAspect  : operation_completed operation=api.start_execution status=success duration_ms=2
2026-06-29T15:52:27.722+05:30  INFO 2244 --- [           main] c.taskforge.aop.ObservedOperationAspect  : operation_started operation=api.get_execution
2026-06-29T15:52:27.723+05:30  INFO 2244 --- [           main] c.taskforge.aop.ObservedOperationAspect  : operation_completed operation=api.get_execution status=success duration_ms=0
2026-06-29T15:52:27.729+05:30  INFO 2244 --- [           main] c.taskforge.aop.ObservedOperationAspect  : operation_started operation=api.resolve_approval
2026-06-29T15:52:27.732+05:30  WARN 2244 --- [           main] c.taskforge.aop.ObservedOperationAspect  : operation_completed operation=api.resolve_approval status=failure error_type=ConflictException duration_ms=2 message=Approval for task 'gate' requires identity 'ops-lead'
2026-06-29T15:52:27.733+05:30  WARN 2244 --- [           main] com.taskforge.GlobalExceptionHandler     : request_conflict message=Approval for task 'gate' requires identity 'ops-lead'
]]></system-out>
  </testcase>
  <testcase name="creates workflow and retrieves it" classname="com.taskforge.TaskForgeControllerIntegrationTest" time="0.02">
    <system-out><![CDATA[2026-06-29T15:52:27.749+05:30  INFO 2244 --- [           main] c.taskforge.aop.ObservedOperationAspect  : operation_started operation=api.create_workflow
2026-06-29T15:52:27.750+05:30  INFO 2244 --- [           main] c.taskforge.aop.ObservedOperationAspect  : operation_completed operation=api.create_workflow status=success duration_ms=0
2026-06-29T15:52:27.756+05:30  INFO 2244 --- [           main] c.taskforge.aop.ObservedOperationAspect  : operation_started operation=api.get_workflow
2026-06-29T15:52:27.757+05:30  INFO 2244 --- [           main] c.taskforge.aop.ObservedOperationAspect  : operation_completed operation=api.get_workflow status=success duration_ms=0
]]></system-out>
  </testcase>
  <testcase name="requires idempotency key for mutating execution endpoints" classname="com.taskforge.TaskForgeControllerIntegrationTest" time="0.041">
    <system-out><![CDATA[2026-06-29T15:52:27.774+05:30  INFO 2244 --- [           main] c.taskforge.aop.ObservedOperationAspect  : operation_started operation=api.create_workflow
2026-06-29T15:52:27.775+05:30  INFO 2244 --- [           main] c.taskforge.aop.ObservedOperationAspect  : operation_completed operation=api.create_workflow status=success duration_ms=0
2026-06-29T15:52:27.782+05:30  INFO 2244 --- [           main] c.taskforge.aop.ObservedOperationAspect  : operation_started operation=api.start_execution
2026-06-29T15:52:27.783+05:30  WARN 2244 --- [           main] c.taskforge.aop.ObservedOperationAspect  : operation_completed operation=api.start_execution status=failure error_type=IllegalArgumentException duration_ms=0 message=Idempotency-Key header is required for this endpoint
2026-06-29T15:52:27.785+05:30  WARN 2244 --- [           main] com.taskforge.GlobalExceptionHandler     : request_validation_failed message=Idempotency-Key header is required for this endpoint
]]></system-out>
  </testcase>
  <testcase name="replays cancel response for same idempotency key" classname="com.taskforge.TaskForgeControllerIntegrationTest" time="0.084">
    <system-out><![CDATA[2026-06-29T15:52:27.820+05:30  INFO 2244 --- [           main] c.taskforge.aop.ObservedOperationAspect  : operation_started operation=api.create_workflow
2026-06-29T15:52:27.822+05:30  INFO 2244 --- [           main] c.taskforge.aop.ObservedOperationAspect  : operation_completed operation=api.create_workflow status=success duration_ms=1
2026-06-29T15:52:27.828+05:30  INFO 2244 --- [           main] c.taskforge.aop.ObservedOperationAspect  : operation_started operation=api.start_execution
2026-06-29T15:52:27.831+05:30  INFO 2244 --- [           main] c.taskforge.aop.ObservedOperationAspect  : operation_completed operation=api.start_execution status=success duration_ms=2
2026-06-29T15:52:27.836+05:30  INFO 2244 --- [           main] c.taskforge.aop.ObservedOperationAspect  : operation_started operation=api.get_execution
2026-06-29T15:52:27.837+05:30  INFO 2244 --- [           main] c.taskforge.aop.ObservedOperationAspect  : operation_completed operation=api.get_execution status=success duration_ms=0
2026-06-29T15:52:27.847+05:30  INFO 2244 --- [           main] c.taskforge.aop.ObservedOperationAspect  : operation_started operation=api.cancel_execution
2026-06-29T15:52:27.874+05:30  INFO 2244 --- [           main] c.taskforge.aop.ObservedOperationAspect  : operation_completed operation=api.cancel_execution status=success duration_ms=26
2026-06-29T15:52:27.885+05:30  INFO 2244 --- [           main] c.taskforge.aop.ObservedOperationAspect  : operation_started operation=api.cancel_execution
2026-06-29T15:52:27.887+05:30  INFO 2244 --- [           main] c.taskforge.aop.ObservedOperationAspect  : operation_completed operation=api.cancel_execution status=success duration_ms=1
]]></system-out>
  </testcase>
</testsuite>